15:22:08 [Skill] INFO  Skill:139 - Connecting to Furhat server on 192.168.86.38:1932
15:22:09 [Responsive_behaviourSkill] INFO  Responsive_behaviourSkill:173 - Starting skill
15:22:49 [Responsive_behaviourSkill] WARN  Flow: 93 - Flow unknown unresponsive, 11191 ms since last event poll
15:23:02 [Responsive_behaviourSkill] WARN  Flow: 93 - Flow unknown unresponsive, 10863 ms since last event poll
15:23:14 [Responsive_behaviourSkill] WARN  Flow: 93 - Flow unknown unresponsive, 11967 ms since last event poll
15:24:22 [ErrorLoggingThread] ERROR Responsive_behaviourSkill:466 - Flow - unknown - A flow's queue is full, could not add furhatos.event.senses.SenseUsers
Flow - unknown - A flow's queue is full, could not add furhatos.event.senses.SenseUsers
Flow - unknown - A flow's queue is full, could not add furhatos.event.actions.ActionVirtualUserUpdate
Flow - unknown - A flow's queue is full, could not add furhatos.event.senses.SenseUsers
Flow - unknown - A flow's queue is full, could not add furhatos.event.senses.SenseUsers
Flow - unknown - A flow's queue is full, could not add furhatos.event.senses.SenseUsers
Flow - unknown - A flow's queue is full, could not add furhatos.event.actions.ActionVirtualUserUpdate
Flow - unknown - A flow's queue is full, could not add furhatos.event.actions.ActionVirtualUserUpdate
Flow - unknown - A flow's queue is full, could not add furhatos.event.senses.SenseUsers
Flow - unknown - A flow's queue is full, could not add furhatos.event.senses.SenseUsers
Flow - unknown - A flow's queue is full, could not add furhatos.event.actions.ActionVirtualUserUpdate
Flow - unknown - A flow's queue is full, could not add furhatos.event.actions.ActionVirtualUserUpdate
Flow - unknown - A flow's queue is full, could not add furhatos.event.actions.ActionVirtualUserUpdate
Flow - unknown - A flow's queue is full, could not add furhatos.event.senses.SenseUsers
Flow - unknown - A flow's queue is full, could not add furhatos.event.senses.SenseUsers
Flow - unknown - A flow's queue is full, could not add furhatos.event.actions.ActionVirtualUserUpdate
Flow - unknown - A flow's queue is full, could not add furhatos.event.actions.ActionVirtualUserUpdate
Flow - unknown - A flow's queue is full, could not add furhatos.event.actions.ActionVirtualUserUpdate
Flow - unknown - A flow's queue is full, could not add furhatos.event.actions.ActionVirtualUserUpdate
Flow - unknown - A flow's queue is full, could not add furhatos.event.actions.ActionVirtualUserUpdate
Flow - unknown - A flow's queue is full, could not add furhatos.event.actions.ActionVirtualUserUpdate
Flow - unknown - A flow's queue is full, could not add furhatos.event.actions.ActionVirtualUserUpdate
Flow - unknown - A flow's queue is full, could not add furhatos.event.senses.SenseUsers
Flow - unknown - A flow's queue is full, could not add furhatos.event.actions.ActionVirtualUserUpdate
Flow - unknown - A flow's queue is full, could not add furhatos.event.senses.SenseUsers
Flow - unknown - A flow's queue is full, could not add furhatos.event.senses.SenseUsers
Flow - unknown - A flow's queue is full, could not add furhatos.event.senses.SenseUsers
Flow - unknown - A flow's queue is full, could not add furhatos.event.senses.SenseUsers
Flow - unknown - A flow's queue is full, could not add furhatos.event.senses.SenseUsers
Flow - unknown - A flow's queue is full, could not add furhatos.event.senses.SenseUsers
Flow - unknown - A flow's queue is full, could not add furhatos.event.actions.ActionVirtualUserUpdate
Flow - unknown - A flow's queue is full, could not add furhatos.event.actions.ActionVirtualUserUpdate
Flow - unknown - A flow's queue is full, could not add furhatos.event.actions.ActionVirtualUserUpdate
Flow - unknown - A flow's queue is full, could not add furhatos.event.actions.ActionVirtualUserUpdate
Flow - unknown - A flow's queue is full, could not add furhatos.event.actions.ActionVirtualUserUpdate
Flow - unknown - A flow's queue is full, could not add furhatos.event.actions.ActionVirtualUserUpdate
Flow - unknown - A flow's queue is full, could not add furhatos.event.actions.ActionVirtualUserUpdate
Flow - unknown - A flow's queue is full, could not add furhatos.event.actions.ActionVirtualUserUpdate
Flow - unknown - A flow's queue is full, could not add furhatos.event.senses.SenseUsers
Flow - unknown - A flow's queue is full, could not add furhatos.event.actions.ActionVirtualUserUpdate
Flow - unknown - A flow's queue is full, could not add furhatos.event.actions.ActionVirtualUserUpdate
Flow - unknown - A flow's queue is full, could not add furhatos.event.senses.SenseUsers
Flow - unknown - A flow's queue is full, could not add furhatos.event.senses.SenseUsers
Flow - unknown - A flow's queue is full, could not add furhatos.event.senses.SenseUsers
Flow - unknown - A flow's queue is full, could not add furhatos.event.senses.SenseUsers
Flow - unknown - A flow's queue is full, could not add furhatos.event.senses.SenseUsers
Flow - unknown - A flow's queue is full, could not add furhatos.event.senses.SenseUsers
Flow - unknown - A flow's queue is full, could not add furhatos.event.senses.SenseUsers
Flow - unknown - A flow's queue is full, could not add furhatos.event.senses.SenseUsers
Flow - unknown - A flow's queue is full, could not add furhatos.event.senses.SenseUsers
Flow - unknown - A flow's queue is full, could not add furhatos.event.actions.ActionVirtualUserUpdate
Flow - unknown - A flow's queue is full, could not add furhatos.event.actions.ActionVirtualUserUpdate
Flow - unknown - A flow's queue is full, could not add furhatos.event.actions.ActionVirtualUserUpdate
Flow - unknown - A flow's queue is full, could not add furhatos.event.senses.SenseUsers
Flow - unknown - A flow's queue is full, could not add furhatos.event.actions.ActionVirtualUserUpdate
Flow - unknown - A flow's queue is full, could not add furhatos.event.senses.SenseUsers
Flow - unknown - A flow's queue is full, could not add furhatos.event.actions.ActionVirtualUserUpdate
Flow - unknown - A flow's queue is full, could not add furhatos.event.actions.ActionVirtualUserUpdate
Flow - unknown - A flow's queue is full, could not add furhatos.event.actions.ActionVirtualUserUpdate
Flow - unknown - A flow's queue is full, could not add furhatos.event.senses.SenseUsers
Flow - unknown - A flow's queue is full, could not add furhatos.event.senses.SenseUsers
Flow - unknown - A flow's queue is full, could not add furhatos.event.actions.ActionVirtualUserUpdate
Flow - unknown - A flow's queue is full, could not add furhatos.event.actions.ActionVirtualUserUpdate
Flow - unknown - A flow's queue is full, could not add furhatos.event.senses.SenseUsers
Flow - unknown - A flow's queue is full, could not add furhatos.event.actions.ActionVirtualUserUpdate
Flow - unknown - A flow's queue is full, could not add furhatos.event.actions.ActionVirtualUserUpdate
Flow - unknown - A flow's queue is full, could not add furhatos.event.actions.ActionVirtualUserUpdate
Flow - unknown - A flow's queue is full, could not add furhatos.event.senses.SenseUsers
Flow - unknown - A flow's queue is full, could not add furhatos.event.actions.ActionVirtualUserUpdate
Flow - unknown - A flow's queue is full, could not add furhatos.event.actions.ActionVirtualUserUpdate
Flow - unknown - A flow's queue is full, could not add furhatos.event.actions.ActionVirtualUserUpdate
Flow - unknown - A flow's queue is full, could not add furhatos.event.senses.SenseUsers
Flow - unknown - A flow's queue is full, could not add furhatos.event.senses.SenseUsers
Flow - unknown - A flow's queue is full, could not add furhatos.event.actions.ActionVirtualUserUpdate
Flow - unknown - A flow's queue is full, could not add furhatos.event.actions.ActionVirtualUserUpdate
Flow - unknown - A flow's queue is full, could not add furhatos.event.actions.ActionVirtualUserUpdate
Flow - unknown - A flow's queue is full, could not add furhatos.event.senses.SenseUsers
Flow - unknown - A flow's queue is full, could not add furhatos.event.actions.ActionVirtualUserUpdate
Flow - unknown - A flow's queue is full, could not add furhatos.event.actions.ActionVirtualUserUpdate
Flow - unknown - A flow's queue is full, could not add furhatos.event.actions.ActionVirtualUserUpdate
Flow - unknown - A flow's queue is full, could not add furhatos.event.actions.ActionVirtualUserUpdate
Flow - unknown - A flow's queue is full, could not add furhatos.event.actions.ActionVirtualUserUpdate
Flow - unknown - A flow's queue is full, could not add furhatos.event.actions.ActionVirtualUserUpdate
Flow - unknown - A flow's queue is full, could not add furhatos.event.actions.ActionVirtualUserUpdate
Flow - unknown - A flow's queue is full, could not add furhatos.event.actions.ActionVirtualUserUpdate
Flow - unknown - A flow's queue is full, could not add furhatos.event.actions.ActionVirtualUserUpdate
Flow - unknown - A flow's queue is full, could not add furhatos.event.actions.ActionVirtualUserUpdate
Flow - unknown - A flow's queue is full, could not add furhatos.event.actions.ActionVirtualUserUpdate
Flow - unknown - A flow's queue is full, could not add furhatos.event.actions.ActionVirtualUserUpdate
Flow - unknown - A flow's queue is full, could not add furhatos.event.actions.ActionVirtualUserUpdate
Flow - unknown - A flow's queue is full, could not add furhatos.event.actions.ActionVirtualUserUpdate
Flow - unknown - A flow's queue is full, could not add furhatos.event.actions.ActionVirtualUserUpdate
Flow - unknown - A flow's queue is full, could not add furhatos.event.actions.ActionVirtualUserUpdate
Flow - unknown - A flow's queue is full, could not add furhatos.event.senses.SenseUsers
Flow - unknown - A flow's queue is full, could not add furhatos.event.senses.SenseUsers
Flow - unknown - A flow's queue is full, could not add furhatos.event.senses.SenseUsers
Flow - unknown - A flow's queue is full, could not add furhatos.event.senses.SenseUsers
Flow - unknown - A flow's queue is full, could not add furhatos.event.senses.SenseUsers
Flow - unknown - A flow's queue is full, could not add furhatos.event.senses.SenseUsers
Flow - unknown - A flow's queue is full, could not add furhatos.event.senses.SenseUsers
Flow - unknown - A flow's queue is full, could not add furhatos.event.senses.SenseUsers
Flow - unknown - A flow's queue is full, could not add furhatos.event.senses.SenseUsers
Flow - unknown - A flow's queue is full, could not add furhatos.event.senses.SenseUsers
Flow - unknown - A flow's queue is full, could not add furhatos.event.senses.SenseUsers
Flow - unknown - A flow's queue is full, could not add furhatos.event.actions.ActionVirtualUserUpdate
Flow - unknown - A flow's queue is full, could not add furhatos.event.senses.SenseUsers
Flow - unknown - A flow's queue is full, could not add furhatos.event.senses.SenseUsers
Flow - unknown - A flow's queue is full, could not add furhatos.event.actions.ActionVirtualUserUpdate
Flow - unknown - A flow's queue is full, could not add furhatos.event.senses.SenseUsers
Flow - unknown - A flow's queue is full, could not add furhatos.event.senses.SenseUsers
Flow - unknown - A flow's queue is full, could not add furhatos.event.actions.ActionVirtualUserUpdate
Flow - unknown - A flow's queue is full, could not add furhatos.event.senses.SenseUsers
Flow - unknown - A flow's queue is full, could not add furhatos.event.actions.ActionVirtualUserUpdate
Flow - unknown - A flow's queue is full, could not add furhatos.event.actions.ActionVirtualUserUpdate
Flow - unknown - A flow's queue is full, could not add furhatos.event.actions.ActionVirtualUserUpdate
Flow - unknown - A flow's queue is full, could not add furhatos.event.actions.ActionVirtualUserUpdate
Flow - unknown - A flow's queue is full, could not add furhatos.event.actions.ActionVirtualUserUpdate
Flow - unknown - A flow's queue is full, could not add furhatos.event.actions.ActionVirtualUserUpdate
Flow - unknown - A flow's queue is full, could not add furhatos.event.actions.ActionVirtualUserUpdate
Flow - unknown - A flow's queue is full, could not add furhatos.event.actions.ActionVirtualUserUpdate
Flow - unknown - A flow's queue is full, could not add furhatos.event.actions.ActionVirtualUserUpdate
Flow - unknown - A flow's queue is full, could not add furhatos.event.actions.ActionVirtualUserUpdate
Flow - unknown - A flow's queue is full, could not add furhatos.event.actions.ActionVirtualUserUpdate
Flow - unknown - A flow's queue is full, could not add furhatos.event.actions.ActionVirtualUserUpdate
Flow - unknown - A flow's queue is full, could not add furhatos.event.senses.SenseUsers
Flow - unknown - A flow's queue is full, could not add furhatos.event.senses.SenseUsers
Flow - unknown - A flow's queue is full, could not add furhatos.event.senses.SenseUsers
Flow - unknown - A flow's queue is full, could not add furhatos.event.senses.SenseUsers
Flow - unknown - A flow's queue is full, could not add furhatos.event.actions.ActionVirtualUserUpdate
Flow - unknown - A flow's queue is full, could not add furhatos.event.actions.ActionVirtualUserUpdate
Flow - unknown - A flow's queue is full, could not add furhatos.event.senses.SenseUsers
Flow - unknown - A flow's queue is full, could not add furhatos.event.actions.ActionVirtualUserUpdate
Flow - unknown - A flow's queue is full, could not add furhatos.event.actions.ActionVirtualUserUpdate
Flow - unknown - A flow's queue is full, could not add furhatos.event.actions.ActionVirtualUserUpdate
Flow - unknown - A flow's queue is full, could not add furhatos.event.actions.ActionVirtualUserUpdate
Flow - unknown - A flow's queue is full, could not add furhatos.event.actions.ActionVirtualUserUpdate
Flow - unknown - A flow's queue is full, could not add furhatos.event.actions.ActionVirtualUserUpdate
Flow - unknown - A flow's queue is full, could not add furhatos.event.actions.ActionVirtualUserUpdate
Flow - unknown - A flow's queue is full, could not add furhatos.event.actions.ActionVirtualUserUpdate
Flow - unknown - A flow's queue is full, could not add furhatos.event.actions.ActionVirtualUserUpdate
Flow - unknown - A flow's queue is full, could not add furhatos.event.actions.ActionVirtualUserUpdate
Flow - unknown - A flow's queue is full, could not add furhatos.event.actions.ActionVirtualUserUpdate
Flow - unknown - A flow's queue is full, could not add furhatos.event.actions.ActionVirtualUserUpdate

15:24:41 [EventSystem] INFO  Responsive_behaviourSkill:191 - Terminating skill
